<?xml version="1.0" encoding="UTF-8"?>
<coverage generated="1765891518328" clover="3.2.0">
  <project timestamp="1765891518330" name="All files">
    <metrics statements="89" coveredstatements="64" conditionals="66" coveredconditionals="40" methods="6" coveredmethods="5" elements="161" coveredelements="109" complexity="0" loc="89" ncloc="89" packages="1" files="1" classes="1"/>
    <file name="tbank.ts" path="C:\Users\bob\Projects\Fotoset\lib\tbank.ts">
      <metrics statements="89" coveredstatements="64" conditionals="66" coveredconditionals="40" methods="6" coveredmethods="5"/>
      <line num="2" count="39" type="stmt"/>
      <line num="4" count="39" type="cond" truecount="2" falsecount="0"/>
      <line num="5" count="39" type="cond" truecount="2" falsecount="0"/>
      <line num="6" count="39" type="stmt"/>
      <line num="9" count="39" type="cond" truecount="2" falsecount="0"/>
      <line num="12" count="39" type="cond" truecount="2" falsecount="0"/>
      <line num="16" count="39" type="cond" truecount="1" falsecount="1"/>
      <line num="17" count="0" type="stmt"/>
      <line num="70" count="30" type="stmt"/>
      <line num="76" count="30" type="stmt"/>
      <line num="77" count="166" type="stmt"/>
      <line num="80" count="30" type="stmt"/>
      <line num="84" count="39" type="stmt"/>
      <line num="96" count="14" type="cond" truecount="2" falsecount="0"/>
      <line num="97" count="1" type="stmt"/>
      <line num="100" count="13" type="stmt"/>
      <line num="103" count="13" type="stmt"/>
      <line num="113" count="13" type="stmt"/>
      <line num="122" count="13" type="cond" truecount="1" falsecount="1"/>
      <line num="123" count="0" type="stmt"/>
      <line num="128" count="0" type="cond" truecount="0" falsecount="2"/>
      <line num="129" count="0" type="stmt"/>
      <line num="134" count="13" type="cond" truecount="1" falsecount="1"/>
      <line num="135" count="13" type="cond" truecount="1" falsecount="1"/>
      <line num="136" count="13" type="cond" truecount="2" falsecount="0"/>
      <line num="139" count="13" type="stmt"/>
      <line num="142" count="13" type="stmt"/>
      <line num="148" count="13" type="cond" truecount="2" falsecount="0"/>
      <line num="149" count="1" type="stmt"/>
      <line num="153" count="13" type="cond" truecount="1" falsecount="1"/>
      <line num="154" count="0" type="stmt"/>
      <line num="158" count="13" type="stmt"/>
      <line num="160" count="13" type="stmt"/>
      <line num="161" count="13" type="stmt"/>
      <line num="169" count="12" type="stmt"/>
      <line num="171" count="12" type="stmt"/>
      <line num="180" count="12" type="cond" truecount="2" falsecount="0"/>
      <line num="181" count="1" type="stmt"/>
      <line num="187" count="1" type="cond" truecount="1" falsecount="1"/>
      <line num="190" count="11" type="stmt"/>
      <line num="192" count="2" type="stmt"/>
      <line num="193" count="2" type="stmt"/>
      <line num="197" count="39" type="stmt"/>
      <line num="199" count="11" type="cond" truecount="2" falsecount="0"/>
      <line num="200" count="1" type="stmt"/>
      <line num="203" count="10" type="stmt"/>
      <line num="208" count="10" type="stmt"/>
      <line num="210" count="10" type="stmt"/>
      <line num="221" count="10" type="stmt"/>
      <line num="223" count="10" type="cond" truecount="2" falsecount="0"/>
      <line num="224" count="1" type="cond" truecount="1" falsecount="1"/>
      <line num="227" count="9" type="stmt"/>
      <line num="230" count="39" type="stmt"/>
      <line num="232" count="8" type="stmt"/>
      <line num="234" count="8" type="cond" truecount="5" falsecount="0"/>
      <line num="236" count="1" type="stmt"/>
      <line num="237" count="1" type="stmt"/>
      <line num="244" count="7" type="stmt"/>
      <line num="246" count="7" type="stmt"/>
      <line num="247" count="39" type="cond" truecount="5" falsecount="0"/>
      <line num="248" count="37" type="stmt"/>
      <line num="252" count="7" type="stmt"/>
      <line num="255" count="7" type="stmt"/>
      <line num="256" count="7" type="stmt"/>
      <line num="257" count="7" type="stmt"/>
      <line num="260" count="7" type="cond" truecount="2" falsecount="0"/>
      <line num="261" count="1" type="stmt"/>
      <line num="264" count="6" type="stmt"/>
      <line num="266" count="0" type="stmt"/>
      <line num="276" count="39" type="stmt"/>
      <line num="281" count="0" type="cond" truecount="0" falsecount="2"/>
      <line num="282" count="0" type="stmt"/>
      <line num="285" count="0" type="stmt"/>
      <line num="291" count="0" type="cond" truecount="0" falsecount="2"/>
      <line num="292" count="0" type="stmt"/>
      <line num="295" count="0" type="stmt"/>
      <line num="297" count="0" type="stmt"/>
      <line num="303" count="0" type="cond" truecount="0" falsecount="2"/>
      <line num="304" count="0" type="stmt"/>
      <line num="307" count="0" type="stmt"/>
      <line num="313" count="0" type="stmt"/>
      <line num="314" count="0" type="stmt"/>
      <line num="322" count="0" type="stmt"/>
      <line num="324" count="0" type="stmt"/>
      <line num="333" count="0" type="cond" truecount="0" falsecount="2"/>
      <line num="334" count="0" type="cond" truecount="0" falsecount="2"/>
      <line num="337" count="0" type="stmt"/>
      <line num="339" count="0" type="stmt"/>
      <line num="340" count="0" type="stmt"/>
    </file>
  </project>
</coverage>
