<?xml version="1.0" encoding="UTF-8"?>
<coverage generated="1766339774645" clover="3.2.0">
  <project timestamp="1766339774645" name="All files">
    <metrics statements="109" coveredstatements="81" conditionals="66" coveredconditionals="41" methods="17" coveredmethods="12" elements="192" coveredelements="134" complexity="0" loc="109" ncloc="109" packages="1" files="2" classes="2"/>
    <file name="logger.ts" path="C:\Users\bob\Projects\Fotoset\lib\logger.ts">
      <metrics statements="18" coveredstatements="14" conditionals="8" coveredconditionals="4" methods="11" coveredmethods="7"/>
      <line num="6" count="39" type="stmt"/>
      <line num="8" count="39" type="stmt"/>
      <line num="9" count="0" type="cond" truecount="0" falsecount="2"/>
      <line num="10" count="1" type="cond" truecount="2" falsecount="0"/>
      <line num="11" count="3" type="stmt"/>
      <line num="12" count="38" type="cond" truecount="2" falsecount="0"/>
      <line num="13" count="0" type="cond" truecount="0" falsecount="2"/>
      <line num="21" count="39" type="stmt"/>
      <line num="22" count="156" type="stmt"/>
      <line num="23" count="0" type="stmt"/>
      <line num="24" count="1" type="stmt"/>
      <line num="25" count="3" type="stmt"/>
      <line num="26" count="38" type="stmt"/>
      <line num="27" count="0" type="stmt"/>
      <line num="32" count="39" type="stmt"/>
      <line num="33" count="39" type="stmt"/>
      <line num="34" count="39" type="stmt"/>
      <line num="35" count="39" type="stmt"/>
    </file>
    <file name="tbank.ts" path="C:\Users\bob\Projects\Fotoset\lib\tbank.ts">
      <metrics statements="91" coveredstatements="67" conditionals="58" coveredconditionals="37" methods="6" coveredmethods="5"/>
      <line num="2" count="39" type="stmt"/>
      <line num="3" count="39" type="stmt"/>
      <line num="5" count="39" type="cond" truecount="2" falsecount="0"/>
      <line num="6" count="39" type="cond" truecount="2" falsecount="0"/>
      <line num="7" count="39" type="stmt"/>
      <line num="10" count="39" type="cond" truecount="2" falsecount="0"/>
      <line num="13" count="39" type="cond" truecount="2" falsecount="0"/>
      <line num="64" count="30" type="stmt"/>
      <line num="70" count="30" type="stmt"/>
      <line num="71" count="166" type="stmt"/>
      <line num="74" count="30" type="stmt"/>
      <line num="78" count="39" type="stmt"/>
      <line num="90" count="14" type="cond" truecount="2" falsecount="0"/>
      <line num="91" count="1" type="stmt"/>
      <line num="94" count="13" type="stmt"/>
      <line num="96" count="13" type="stmt"/>
      <line num="99" count="13" type="stmt"/>
      <line num="108" count="13" type="cond" truecount="1" falsecount="1"/>
      <line num="109" count="0" type="stmt"/>
      <line num="114" count="0" type="cond" truecount="0" falsecount="2"/>
      <line num="115" count="0" type="stmt"/>
      <line num="120" count="13" type="cond" truecount="1" falsecount="1"/>
      <line num="121" count="13" type="cond" truecount="1" falsecount="1"/>
      <line num="122" count="13" type="cond" truecount="2" falsecount="0"/>
      <line num="125" count="13" type="stmt"/>
      <line num="128" count="13" type="stmt"/>
      <line num="134" count="13" type="cond" truecount="2" falsecount="0"/>
      <line num="135" count="1" type="stmt"/>
      <line num="139" count="13" type="cond" truecount="1" falsecount="1"/>
      <line num="140" count="0" type="stmt"/>
      <line num="143" count="13" type="stmt"/>
      <line num="145" count="13" type="stmt"/>
      <line num="146" count="13" type="stmt"/>
      <line num="154" count="12" type="stmt"/>
      <line num="156" count="12" type="stmt"/>
      <line num="158" count="12" type="cond" truecount="2" falsecount="0"/>
      <line num="159" count="1" type="stmt"/>
      <line num="160" count="1" type="cond" truecount="1" falsecount="1"/>
      <line num="163" count="11" type="stmt"/>
      <line num="165" count="2" type="stmt"/>
      <line num="166" count="2" type="stmt"/>
      <line num="170" count="39" type="stmt"/>
      <line num="172" count="11" type="cond" truecount="2" falsecount="0"/>
      <line num="173" count="1" type="stmt"/>
      <line num="176" count="10" type="stmt"/>
      <line num="181" count="10" type="stmt"/>
      <line num="183" count="10" type="stmt"/>
      <line num="194" count="10" type="stmt"/>
      <line num="196" count="10" type="cond" truecount="2" falsecount="0"/>
      <line num="197" count="1" type="cond" truecount="1" falsecount="1"/>
      <line num="200" count="9" type="stmt"/>
      <line num="203" count="39" type="stmt"/>
      <line num="205" count="8" type="stmt"/>
      <line num="207" count="8" type="cond" truecount="5" falsecount="0"/>
      <line num="209" count="1" type="stmt"/>
      <line num="210" count="1" type="stmt"/>
      <line num="217" count="7" type="stmt"/>
      <line num="219" count="7" type="stmt"/>
      <line num="220" count="39" type="cond" truecount="5" falsecount="0"/>
      <line num="221" count="37" type="stmt"/>
      <line num="225" count="7" type="stmt"/>
      <line num="228" count="7" type="stmt"/>
      <line num="229" count="7" type="stmt"/>
      <line num="230" count="7" type="stmt"/>
      <line num="233" count="7" type="stmt"/>
      <line num="234" count="7" type="stmt"/>
      <line num="235" count="7" type="stmt"/>
      <line num="236" count="7" type="stmt"/>
      <line num="237" count="7" type="stmt"/>
      <line num="239" count="7" type="stmt"/>
      <line num="241" count="0" type="stmt"/>
      <line num="251" count="39" type="stmt"/>
      <line num="256" count="0" type="cond" truecount="0" falsecount="2"/>
      <line num="257" count="0" type="stmt"/>
      <line num="260" count="0" type="stmt"/>
      <line num="266" count="0" type="cond" truecount="0" falsecount="2"/>
      <line num="267" count="0" type="stmt"/>
      <line num="270" count="0" type="stmt"/>
      <line num="272" count="0" type="stmt"/>
      <line num="278" count="0" type="cond" truecount="0" falsecount="2"/>
      <line num="279" count="0" type="stmt"/>
      <line num="282" count="0" type="cond" truecount="0" falsecount="2"/>
      <line num="284" count="0" type="stmt"/>
      <line num="285" count="0" type="stmt"/>
      <line num="293" count="0" type="stmt"/>
      <line num="295" count="0" type="stmt"/>
      <line num="297" count="0" type="cond" truecount="0" falsecount="2"/>
      <line num="298" count="0" type="cond" truecount="0" falsecount="2"/>
      <line num="301" count="0" type="stmt"/>
      <line num="303" count="0" type="stmt"/>
      <line num="304" count="0" type="stmt"/>
    </file>
  </project>
</coverage>
