{"C:\\Users\\bob\\Projects\\Fotoset\\lib\\logger.ts": {"path":"C:\\Users\\bob\\Projects\\Fotoset\\lib\\logger.ts","statementMap":{"0":{"start":{"line":21,"column":0},"end":{"line":21,"column":16}},"1":{"start":{"line":6,"column":14},"end":{"line":6,"column":51}},"2":{"start":{"line":8,"column":13},"end":{"line":14,"column":null}},"3":{"start":{"line":9,"column":31},"end":{"line":9,"column":60}},"4":{"start":{"line":10,"column":32},"end":{"line":10,"column":62}},"5":{"start":{"line":11,"column":33},"end":{"line":11,"column":55}},"6":{"start":{"line":12,"column":33},"end":{"line":12,"column":64}},"7":{"start":{"line":13,"column":32},"end":{"line":13,"column":62}},"8":{"start":{"line":22,"column":2},"end":{"line":28,"column":null}},"9":{"start":{"line":23,"column":33},"end":{"line":23,"column":64}},"10":{"start":{"line":24,"column":34},"end":{"line":24,"column":66}},"11":{"start":{"line":25,"column":35},"end":{"line":25,"column":68}},"12":{"start":{"line":26,"column":35},"end":{"line":26,"column":68}},"13":{"start":{"line":27,"column":34},"end":{"line":27,"column":66}},"14":{"start":{"line":32,"column":13},"end":{"line":32,"column":null}},"15":{"start":{"line":33,"column":13},"end":{"line":33,"column":null}},"16":{"start":{"line":34,"column":13},"end":{"line":34,"column":null}},"17":{"start":{"line":35,"column":13},"end":{"line":35,"column":null}}},"fnMap":{"0":{"name":"(anonymous_0)","decl":{"start":{"line":9,"column":7},"end":{"line":9,"column":8}},"loc":{"start":{"line":9,"column":31},"end":{"line":9,"column":60}}},"1":{"name":"(anonymous_1)","decl":{"start":{"line":10,"column":8},"end":{"line":10,"column":9}},"loc":{"start":{"line":10,"column":32},"end":{"line":10,"column":62}}},"2":{"name":"(anonymous_2)","decl":{"start":{"line":11,"column":9},"end":{"line":11,"column":10}},"loc":{"start":{"line":11,"column":33},"end":{"line":11,"column":55}}},"3":{"name":"(anonymous_3)","decl":{"start":{"line":12,"column":9},"end":{"line":12,"column":10}},"loc":{"start":{"line":12,"column":33},"end":{"line":12,"column":64}}},"4":{"name":"(anonymous_4)","decl":{"start":{"line":13,"column":8},"end":{"line":13,"column":9}},"loc":{"start":{"line":13,"column":32},"end":{"line":13,"column":62}}},"5":{"name":"createLogger","decl":{"start":{"line":21,"column":16},"end":{"line":21,"column":28}},"loc":{"start":{"line":21,"column":40},"end":{"line":29,"column":1}}},"6":{"name":"(anonymous_6)","decl":{"start":{"line":23,"column":9},"end":{"line":23,"column":10}},"loc":{"start":{"line":23,"column":33},"end":{"line":23,"column":64}}},"7":{"name":"(anonymous_7)","decl":{"start":{"line":24,"column":10},"end":{"line":24,"column":11}},"loc":{"start":{"line":24,"column":34},"end":{"line":24,"column":66}}},"8":{"name":"(anonymous_8)","decl":{"start":{"line":25,"column":11},"end":{"line":25,"column":12}},"loc":{"start":{"line":25,"column":35},"end":{"line":25,"column":68}}},"9":{"name":"(anonymous_9)","decl":{"start":{"line":26,"column":11},"end":{"line":26,"column":12}},"loc":{"start":{"line":26,"column":35},"end":{"line":26,"column":68}}},"10":{"name":"(anonymous_10)","decl":{"start":{"line":27,"column":10},"end":{"line":27,"column":11}},"loc":{"start":{"line":27,"column":34},"end":{"line":27,"column":66}}}},"branchMap":{"0":{"loc":{"start":{"line":9,"column":31},"end":{"line":9,"column":60}},"type":"binary-expr","locations":[{"start":{"line":9,"column":31},"end":{"line":9,"column":36}},{"start":{"line":9,"column":40},"end":{"line":9,"column":60}}]},"1":{"loc":{"start":{"line":10,"column":32},"end":{"line":10,"column":62}},"type":"binary-expr","locations":[{"start":{"line":10,"column":32},"end":{"line":10,"column":37}},{"start":{"line":10,"column":41},"end":{"line":10,"column":62}}]},"2":{"loc":{"start":{"line":12,"column":33},"end":{"line":12,"column":64}},"type":"binary-expr","locations":[{"start":{"line":12,"column":33},"end":{"line":12,"column":38}},{"start":{"line":12,"column":42},"end":{"line":12,"column":64}}]},"3":{"loc":{"start":{"line":13,"column":32},"end":{"line":13,"column":62}},"type":"binary-expr","locations":[{"start":{"line":13,"column":32},"end":{"line":13,"column":37}},{"start":{"line":13,"column":41},"end":{"line":13,"column":62}}]}},"s":{"0":39,"1":39,"2":39,"3":0,"4":1,"5":3,"6":38,"7":0,"8":156,"9":0,"10":1,"11":3,"12":38,"13":0,"14":39,"15":39,"16":39,"17":39},"f":{"0":0,"1":1,"2":3,"3":38,"4":0,"5":156,"6":0,"7":1,"8":3,"9":38,"10":0},"b":{"0":[0,0],"1":[1,1],"2":[38,38],"3":[0,0]}}
,"C:\\Users\\bob\\Projects\\Fotoset\\lib\\tbank.ts": {"path":"C:\\Users\\bob\\Projects\\Fotoset\\lib\\tbank.ts","statementMap":{"0":{"start":{"line":78,"column":0},"end":{"line":78,"column":7}},"1":{"start":{"line":170,"column":0},"end":{"line":170,"column":7}},"2":{"start":{"line":203,"column":0},"end":{"line":203,"column":16}},"3":{"start":{"line":251,"column":0},"end":{"line":251,"column":7}},"4":{"start":{"line":2,"column":0},"end":{"line":2,"column":27}},"5":{"start":{"line":3,"column":0},"end":{"line":3,"column":47}},"6":{"start":{"line":5,"column":27},"end":{"line":5,"column":63}},"7":{"start":{"line":6,"column":23},"end":{"line":6,"column":55}},"8":{"start":{"line":7,"column":22},"end":{"line":7,"column":55}},"9":{"start":{"line":10,"column":13},"end":{"line":10,"column":null}},"10":{"start":{"line":13,"column":13},"end":{"line":14,"column":null}},"11":{"start":{"line":64,"column":50},"end":{"line":67,"column":null}},"12":{"start":{"line":70,"column":21},"end":{"line":70,"column":47}},"13":{"start":{"line":71,"column":23},"end":{"line":71,"column":68}},"14":{"start":{"line":71,"column":47},"end":{"line":71,"column":58}},"15":{"start":{"line":74,"column":2},"end":{"line":74,"column":null}},"16":{"start":{"line":90,"column":2},"end":{"line":92,"column":3}},"17":{"start":{"line":91,"column":4},"end":{"line":91,"column":null}},"18":{"start":{"line":94,"column":25},"end":{"line":94,"column":49}},"19":{"start":{"line":96,"column":2},"end":{"line":96,"column":null}},"20":{"start":{"line":99,"column":50},"end":{"line":104,"column":null}},"21":{"start":{"line":108,"column":2},"end":{"line":117,"column":3}},"22":{"start":{"line":109,"column":54},"end":{"line":113,"column":null}},"23":{"start":{"line":114,"column":4},"end":{"line":116,"column":5}},"24":{"start":{"line":115,"column":6},"end":{"line":115,"column":null}},"25":{"start":{"line":120,"column":2},"end":{"line":120,"column":null}},"26":{"start":{"line":120,"column":18},"end":{"line":120,"column":null}},"27":{"start":{"line":121,"column":2},"end":{"line":121,"column":null}},"28":{"start":{"line":121,"column":15},"end":{"line":121,"column":null}},"29":{"start":{"line":122,"column":2},"end":{"line":122,"column":null}},"30":{"start":{"line":122,"column":23},"end":{"line":122,"column":null}},"31":{"start":{"line":125,"column":16},"end":{"line":125,"column":37}},"32":{"start":{"line":128,"column":47},"end":{"line":131,"column":null}},"33":{"start":{"line":134,"column":2},"end":{"line":136,"column":3}},"34":{"start":{"line":135,"column":4},"end":{"line":135,"column":null}},"35":{"start":{"line":139,"column":2},"end":{"line":141,"column":3}},"36":{"start":{"line":140,"column":4},"end":{"line":140,"column":null}},"37":{"start":{"line":143,"column":2},"end":{"line":143,"column":null}},"38":{"start":{"line":145,"column":2},"end":{"line":167,"column":3}},"39":{"start":{"line":146,"column":21},"end":{"line":152,"column":6}},"40":{"start":{"line":154,"column":31},"end":{"line":154,"column":52}},"41":{"start":{"line":156,"column":4},"end":{"line":156,"column":null}},"42":{"start":{"line":158,"column":4},"end":{"line":161,"column":5}},"43":{"start":{"line":159,"column":6},"end":{"line":159,"column":null}},"44":{"start":{"line":160,"column":6},"end":{"line":160,"column":null}},"45":{"start":{"line":163,"column":4},"end":{"line":163,"column":null}},"46":{"start":{"line":165,"column":4},"end":{"line":165,"column":null}},"47":{"start":{"line":166,"column":4},"end":{"line":166,"column":null}},"48":{"start":{"line":172,"column":2},"end":{"line":174,"column":3}},"49":{"start":{"line":173,"column":4},"end":{"line":173,"column":null}},"50":{"start":{"line":176,"column":17},"end":{"line":179,"column":null}},"51":{"start":{"line":181,"column":16},"end":{"line":181,"column":37}},"52":{"start":{"line":183,"column":19},"end":{"line":192,"column":4}},"53":{"start":{"line":194,"column":29},"end":{"line":194,"column":50}},"54":{"start":{"line":196,"column":2},"end":{"line":198,"column":3}},"55":{"start":{"line":197,"column":4},"end":{"line":197,"column":null}},"56":{"start":{"line":200,"column":2},"end":{"line":200,"column":null}},"57":{"start":{"line":205,"column":23},"end":{"line":205,"column":60}},"58":{"start":{"line":207,"column":2},"end":{"line":211,"column":3}},"59":{"start":{"line":209,"column":4},"end":{"line":209,"column":null}},"60":{"start":{"line":210,"column":4},"end":{"line":210,"column":null}},"61":{"start":{"line":217,"column":50},"end":{"line":217,"column":52}},"62":{"start":{"line":219,"column":2},"end":{"line":223,"column":3}},"63":{"start":{"line":220,"column":4},"end":{"line":222,"column":5}},"64":{"start":{"line":221,"column":6},"end":{"line":221,"column":null}},"65":{"start":{"line":225,"column":26},"end":{"line":225,"column":47}},"66":{"start":{"line":228,"column":2},"end":{"line":242,"column":3}},"67":{"start":{"line":229,"column":14},"end":{"line":229,"column":50}},"68":{"start":{"line":230,"column":14},"end":{"line":230,"column":48}},"69":{"start":{"line":233,"column":19},"end":{"line":233,"column":47}},"70":{"start":{"line":234,"column":17},"end":{"line":234,"column":37}},"71":{"start":{"line":235,"column":17},"end":{"line":235,"column":37}},"72":{"start":{"line":236,"column":4},"end":{"line":236,"column":null}},"73":{"start":{"line":237,"column":4},"end":{"line":237,"column":null}},"74":{"start":{"line":239,"column":4},"end":{"line":239,"column":null}},"75":{"start":{"line":241,"column":4},"end":{"line":241,"column":null}},"76":{"start":{"line":256,"column":2},"end":{"line":258,"column":3}},"77":{"start":{"line":257,"column":4},"end":{"line":257,"column":null}},"78":{"start":{"line":260,"column":50},"end":{"line":263,"column":null}},"79":{"start":{"line":266,"column":2},"end":{"line":268,"column":3}},"80":{"start":{"line":267,"column":4},"end":{"line":267,"column":null}},"81":{"start":{"line":270,"column":16},"end":{"line":270,"column":37}},"82":{"start":{"line":272,"column":47},"end":{"line":275,"column":null}},"83":{"start":{"line":278,"column":2},"end":{"line":280,"column":3}},"84":{"start":{"line":279,"column":4},"end":{"line":279,"column":null}},"85":{"start":{"line":282,"column":2},"end":{"line":282,"column":null}},"86":{"start":{"line":284,"column":2},"end":{"line":305,"column":3}},"87":{"start":{"line":285,"column":21},"end":{"line":291,"column":6}},"88":{"start":{"line":293,"column":38},"end":{"line":293,"column":59}},"89":{"start":{"line":295,"column":4},"end":{"line":295,"column":null}},"90":{"start":{"line":297,"column":4},"end":{"line":299,"column":5}},"91":{"start":{"line":298,"column":6},"end":{"line":298,"column":null}},"92":{"start":{"line":301,"column":4},"end":{"line":301,"column":null}},"93":{"start":{"line":303,"column":4},"end":{"line":303,"column":null}},"94":{"start":{"line":304,"column":4},"end":{"line":304,"column":null}}},"fnMap":{"0":{"name":"generateToken","decl":{"start":{"line":62,"column":9},"end":{"line":62,"column":22}},"loc":{"start":{"line":62,"column":62},"end":{"line":75,"column":1}}},"1":{"name":"(anonymous_2)","decl":{"start":{"line":71,"column":38},"end":{"line":71,"column":39}},"loc":{"start":{"line":71,"column":47},"end":{"line":71,"column":58}}},"2":{"name":"initPayment","decl":{"start":{"line":78,"column":22},"end":{"line":78,"column":33}},"loc":{"start":{"line":87,"column":19},"end":{"line":168,"column":1}}},"3":{"name":"getPaymentState","decl":{"start":{"line":170,"column":22},"end":{"line":170,"column":37}},"loc":{"start":{"line":170,"column":55},"end":{"line":201,"column":1}}},"4":{"name":"verifyWebhookSignature","decl":{"start":{"line":203,"column":16},"end":{"line":203,"column":38}},"loc":{"start":{"line":203,"column":99},"end":{"line":243,"column":1}}},"5":{"name":"cancelPayment","decl":{"start":{"line":251,"column":22},"end":{"line":251,"column":35}},"loc":{"start":{"line":254,"column":19},"end":{"line":306,"column":1}}}},"branchMap":{"0":{"loc":{"start":{"line":5,"column":27},"end":{"line":5,"column":63}},"type":"binary-expr","locations":[{"start":{"line":5,"column":27},"end":{"line":5,"column":57}},{"start":{"line":5,"column":61},"end":{"line":5,"column":63}}]},"1":{"loc":{"start":{"line":6,"column":23},"end":{"line":6,"column":55}},"type":"binary-expr","locations":[{"start":{"line":6,"column":23},"end":{"line":6,"column":49}},{"start":{"line":6,"column":53},"end":{"line":6,"column":55}}]},"2":{"loc":{"start":{"line":10,"column":34},"end":{"line":10,"column":70}},"type":"binary-expr","locations":[{"start":{"line":10,"column":34},"end":{"line":10,"column":52}},{"start":{"line":10,"column":56},"end":{"line":10,"column":70}}]},"3":{"loc":{"start":{"line":13,"column":28},"end":{"line":14,"column":51}},"type":"binary-expr","locations":[{"start":{"line":13,"column":28},"end":{"line":13,"column":63}},{"start":{"line":14,"column":2},"end":{"line":14,"column":51}}]},"4":{"loc":{"start":{"line":66,"column":14},"end":{"line":66,"column":47}},"type":"binary-expr","locations":[{"start":{"line":66,"column":14},"end":{"line":66,"column":28}},{"start":{"line":66,"column":32},"end":{"line":66,"column":47}}]},"5":{"loc":{"start":{"line":90,"column":2},"end":{"line":92,"column":3}},"type":"if","locations":[{"start":{"line":90,"column":2},"end":{"line":92,"column":3}},{"start":{},"end":{}}]},"6":{"loc":{"start":{"line":108,"column":2},"end":{"line":117,"column":3}},"type":"if","locations":[{"start":{"line":108,"column":2},"end":{"line":117,"column":3}},{"start":{},"end":{}}]},"7":{"loc":{"start":{"line":114,"column":4},"end":{"line":116,"column":5}},"type":"if","locations":[{"start":{"line":114,"column":4},"end":{"line":116,"column":5}},{"start":{},"end":{}}]},"8":{"loc":{"start":{"line":120,"column":2},"end":{"line":120,"column":null}},"type":"if","locations":[{"start":{"line":120,"column":2},"end":{"line":120,"column":null}},{"start":{},"end":{}}]},"9":{"loc":{"start":{"line":121,"column":2},"end":{"line":121,"column":null}},"type":"if","locations":[{"start":{"line":121,"column":2},"end":{"line":121,"column":null}},{"start":{},"end":{}}]},"10":{"loc":{"start":{"line":122,"column":2},"end":{"line":122,"column":null}},"type":"if","locations":[{"start":{"line":122,"column":2},"end":{"line":122,"column":null}},{"start":{},"end":{}}]},"11":{"loc":{"start":{"line":134,"column":2},"end":{"line":136,"column":3}},"type":"if","locations":[{"start":{"line":134,"column":2},"end":{"line":136,"column":3}},{"start":{},"end":{}}]},"12":{"loc":{"start":{"line":139,"column":2},"end":{"line":141,"column":3}},"type":"if","locations":[{"start":{"line":139,"column":2},"end":{"line":141,"column":3}},{"start":{},"end":{}}]},"13":{"loc":{"start":{"line":158,"column":4},"end":{"line":161,"column":5}},"type":"if","locations":[{"start":{"line":158,"column":4},"end":{"line":161,"column":5}},{"start":{},"end":{}}]},"14":{"loc":{"start":{"line":160,"column":57},"end":{"line":160,"column":88}},"type":"binary-expr","locations":[{"start":{"line":160,"column":57},"end":{"line":160,"column":69}},{"start":{"line":160,"column":73},"end":{"line":160,"column":88}}]},"15":{"loc":{"start":{"line":172,"column":2},"end":{"line":174,"column":3}},"type":"if","locations":[{"start":{"line":172,"column":2},"end":{"line":174,"column":3}},{"start":{},"end":{}}]},"16":{"loc":{"start":{"line":196,"column":2},"end":{"line":198,"column":3}},"type":"if","locations":[{"start":{"line":196,"column":2},"end":{"line":198,"column":3}},{"start":{},"end":{}}]},"17":{"loc":{"start":{"line":197,"column":50},"end":{"line":197,"column":80}},"type":"binary-expr","locations":[{"start":{"line":197,"column":50},"end":{"line":197,"column":62}},{"start":{"line":197,"column":66},"end":{"line":197,"column":80}}]},"18":{"loc":{"start":{"line":207,"column":2},"end":{"line":211,"column":3}},"type":"if","locations":[{"start":{"line":207,"column":2},"end":{"line":211,"column":3}},{"start":{},"end":{}}]},"19":{"loc":{"start":{"line":207,"column":6},"end":{"line":207,"column":77}},"type":"binary-expr","locations":[{"start":{"line":207,"column":6},"end":{"line":207,"column":19}},{"start":{"line":207,"column":23},"end":{"line":207,"column":61}},{"start":{"line":207,"column":65},"end":{"line":207,"column":77}}]},"20":{"loc":{"start":{"line":220,"column":4},"end":{"line":222,"column":5}},"type":"if","locations":[{"start":{"line":220,"column":4},"end":{"line":222,"column":5}},{"start":{},"end":{}}]},"21":{"loc":{"start":{"line":220,"column":8},"end":{"line":220,"column":64}},"type":"binary-expr","locations":[{"start":{"line":220,"column":8},"end":{"line":220,"column":23}},{"start":{"line":220,"column":27},"end":{"line":220,"column":41}},{"start":{"line":220,"column":45},"end":{"line":220,"column":64}}]},"22":{"loc":{"start":{"line":256,"column":2},"end":{"line":258,"column":3}},"type":"if","locations":[{"start":{"line":256,"column":2},"end":{"line":258,"column":3}},{"start":{},"end":{}}]},"23":{"loc":{"start":{"line":266,"column":2},"end":{"line":268,"column":3}},"type":"if","locations":[{"start":{"line":266,"column":2},"end":{"line":268,"column":3}},{"start":{},"end":{}}]},"24":{"loc":{"start":{"line":278,"column":2},"end":{"line":280,"column":3}},"type":"if","locations":[{"start":{"line":278,"column":2},"end":{"line":280,"column":3}},{"start":{},"end":{}}]},"25":{"loc":{"start":{"line":282,"column":51},"end":{"line":282,"column":93}},"type":"cond-expr","locations":[{"start":{"line":282,"column":60},"end":{"line":282,"column":84}},{"start":{"line":282,"column":87},"end":{"line":282,"column":93}}]},"26":{"loc":{"start":{"line":297,"column":4},"end":{"line":299,"column":5}},"type":"if","locations":[{"start":{"line":297,"column":4},"end":{"line":299,"column":5}},{"start":{},"end":{}}]},"27":{"loc":{"start":{"line":298,"column":64},"end":{"line":298,"column":95}},"type":"binary-expr","locations":[{"start":{"line":298,"column":64},"end":{"line":298,"column":76}},{"start":{"line":298,"column":80},"end":{"line":298,"column":95}}]}},"s":{"0":39,"1":39,"2":39,"3":39,"4":39,"5":39,"6":39,"7":39,"8":39,"9":39,"10":39,"11":30,"12":30,"13":30,"14":166,"15":30,"16":14,"17":1,"18":13,"19":13,"20":13,"21":13,"22":0,"23":0,"24":0,"25":13,"26":13,"27":13,"28":13,"29":13,"30":1,"31":13,"32":13,"33":13,"34":1,"35":13,"36":0,"37":13,"38":13,"39":13,"40":12,"41":12,"42":12,"43":1,"44":1,"45":11,"46":2,"47":2,"48":11,"49":1,"50":10,"51":10,"52":10,"53":10,"54":10,"55":1,"56":9,"57":8,"58":8,"59":1,"60":1,"61":7,"62":7,"63":39,"64":37,"65":7,"66":7,"67":7,"68":7,"69":7,"70":7,"71":7,"72":7,"73":7,"74":7,"75":0,"76":0,"77":0,"78":0,"79":0,"80":0,"81":0,"82":0,"83":0,"84":0,"85":0,"86":0,"87":0,"88":0,"89":0,"90":0,"91":0,"92":0,"93":0,"94":0},"f":{"0":30,"1":166,"2":14,"3":11,"4":8,"5":0},"b":{"0":[39,3],"1":[39,3],"2":[39,36],"3":[39,5],"4":[30,0],"5":[1,13],"6":[0,13],"7":[0,0],"8":[13,0],"9":[13,0],"10":[1,12],"11":[1,12],"12":[0,13],"13":[1,11],"14":[1,0],"15":[1,10],"16":[1,9],"17":[1,0],"18":[1,7],"19":[8,8,1],"20":[37,2],"21":[39,39,38],"22":[0,0],"23":[0,0],"24":[0,0],"25":[0,0],"26":[0,0],"27":[0,0]}}
}
