{"C:\\Users\\bob\\Projects\\Fotoset\\lib\\tbank.ts": {"path":"C:\\Users\\bob\\Projects\\Fotoset\\lib\\tbank.ts","statementMap":{"0":{"start":{"line":84,"column":0},"end":{"line":84,"column":7}},"1":{"start":{"line":197,"column":0},"end":{"line":197,"column":7}},"2":{"start":{"line":230,"column":0},"end":{"line":230,"column":16}},"3":{"start":{"line":276,"column":0},"end":{"line":276,"column":7}},"4":{"start":{"line":2,"column":0},"end":{"line":2,"column":27}},"5":{"start":{"line":4,"column":27},"end":{"line":4,"column":63}},"6":{"start":{"line":5,"column":23},"end":{"line":5,"column":55}},"7":{"start":{"line":6,"column":22},"end":{"line":6,"column":55}},"8":{"start":{"line":9,"column":13},"end":{"line":9,"column":null}},"9":{"start":{"line":12,"column":13},"end":{"line":13,"column":null}},"10":{"start":{"line":16,"column":0},"end":{"line":22,"column":1}},"11":{"start":{"line":17,"column":2},"end":{"line":21,"column":null}},"12":{"start":{"line":70,"column":50},"end":{"line":73,"column":null}},"13":{"start":{"line":76,"column":21},"end":{"line":76,"column":47}},"14":{"start":{"line":77,"column":23},"end":{"line":77,"column":68}},"15":{"start":{"line":77,"column":47},"end":{"line":77,"column":58}},"16":{"start":{"line":80,"column":2},"end":{"line":80,"column":null}},"17":{"start":{"line":96,"column":2},"end":{"line":98,"column":3}},"18":{"start":{"line":97,"column":4},"end":{"line":97,"column":null}},"19":{"start":{"line":100,"column":25},"end":{"line":100,"column":49}},"20":{"start":{"line":103,"column":2},"end":{"line":110,"column":null}},"21":{"start":{"line":113,"column":50},"end":{"line":118,"column":null}},"22":{"start":{"line":122,"column":2},"end":{"line":131,"column":3}},"23":{"start":{"line":123,"column":54},"end":{"line":127,"column":null}},"24":{"start":{"line":128,"column":4},"end":{"line":130,"column":5}},"25":{"start":{"line":129,"column":6},"end":{"line":129,"column":null}},"26":{"start":{"line":134,"column":2},"end":{"line":134,"column":null}},"27":{"start":{"line":134,"column":18},"end":{"line":134,"column":null}},"28":{"start":{"line":135,"column":2},"end":{"line":135,"column":null}},"29":{"start":{"line":135,"column":15},"end":{"line":135,"column":null}},"30":{"start":{"line":136,"column":2},"end":{"line":136,"column":null}},"31":{"start":{"line":136,"column":23},"end":{"line":136,"column":null}},"32":{"start":{"line":139,"column":16},"end":{"line":139,"column":37}},"33":{"start":{"line":142,"column":47},"end":{"line":145,"column":null}},"34":{"start":{"line":148,"column":2},"end":{"line":150,"column":3}},"35":{"start":{"line":149,"column":4},"end":{"line":149,"column":null}},"36":{"start":{"line":153,"column":2},"end":{"line":155,"column":3}},"37":{"start":{"line":154,"column":4},"end":{"line":154,"column":null}},"38":{"start":{"line":158,"column":2},"end":{"line":158,"column":null}},"39":{"start":{"line":160,"column":2},"end":{"line":194,"column":3}},"40":{"start":{"line":161,"column":21},"end":{"line":167,"column":6}},"41":{"start":{"line":169,"column":31},"end":{"line":169,"column":52}},"42":{"start":{"line":171,"column":4},"end":{"line":178,"column":null}},"43":{"start":{"line":180,"column":4},"end":{"line":188,"column":5}},"44":{"start":{"line":181,"column":6},"end":{"line":186,"column":null}},"45":{"start":{"line":187,"column":6},"end":{"line":187,"column":null}},"46":{"start":{"line":190,"column":4},"end":{"line":190,"column":null}},"47":{"start":{"line":192,"column":4},"end":{"line":192,"column":null}},"48":{"start":{"line":193,"column":4},"end":{"line":193,"column":null}},"49":{"start":{"line":199,"column":2},"end":{"line":201,"column":3}},"50":{"start":{"line":200,"column":4},"end":{"line":200,"column":null}},"51":{"start":{"line":203,"column":17},"end":{"line":206,"column":null}},"52":{"start":{"line":208,"column":16},"end":{"line":208,"column":37}},"53":{"start":{"line":210,"column":19},"end":{"line":219,"column":4}},"54":{"start":{"line":221,"column":29},"end":{"line":221,"column":50}},"55":{"start":{"line":223,"column":2},"end":{"line":225,"column":3}},"56":{"start":{"line":224,"column":4},"end":{"line":224,"column":null}},"57":{"start":{"line":227,"column":2},"end":{"line":227,"column":null}},"58":{"start":{"line":232,"column":23},"end":{"line":232,"column":60}},"59":{"start":{"line":234,"column":2},"end":{"line":238,"column":3}},"60":{"start":{"line":236,"column":4},"end":{"line":236,"column":null}},"61":{"start":{"line":237,"column":4},"end":{"line":237,"column":null}},"62":{"start":{"line":244,"column":50},"end":{"line":244,"column":52}},"63":{"start":{"line":246,"column":2},"end":{"line":250,"column":3}},"64":{"start":{"line":247,"column":4},"end":{"line":249,"column":5}},"65":{"start":{"line":248,"column":6},"end":{"line":248,"column":null}},"66":{"start":{"line":252,"column":26},"end":{"line":252,"column":47}},"67":{"start":{"line":255,"column":2},"end":{"line":267,"column":3}},"68":{"start":{"line":256,"column":14},"end":{"line":256,"column":50}},"69":{"start":{"line":257,"column":14},"end":{"line":257,"column":48}},"70":{"start":{"line":260,"column":4},"end":{"line":262,"column":5}},"71":{"start":{"line":261,"column":6},"end":{"line":261,"column":null}},"72":{"start":{"line":264,"column":4},"end":{"line":264,"column":null}},"73":{"start":{"line":266,"column":4},"end":{"line":266,"column":null}},"74":{"start":{"line":281,"column":2},"end":{"line":283,"column":3}},"75":{"start":{"line":282,"column":4},"end":{"line":282,"column":null}},"76":{"start":{"line":285,"column":50},"end":{"line":288,"column":null}},"77":{"start":{"line":291,"column":2},"end":{"line":293,"column":3}},"78":{"start":{"line":292,"column":4},"end":{"line":292,"column":null}},"79":{"start":{"line":295,"column":16},"end":{"line":295,"column":37}},"80":{"start":{"line":297,"column":47},"end":{"line":300,"column":null}},"81":{"start":{"line":303,"column":2},"end":{"line":305,"column":3}},"82":{"start":{"line":304,"column":4},"end":{"line":304,"column":null}},"83":{"start":{"line":307,"column":2},"end":{"line":311,"column":null}},"84":{"start":{"line":313,"column":2},"end":{"line":341,"column":3}},"85":{"start":{"line":314,"column":21},"end":{"line":320,"column":6}},"86":{"start":{"line":322,"column":38},"end":{"line":322,"column":59}},"87":{"start":{"line":324,"column":4},"end":{"line":331,"column":null}},"88":{"start":{"line":333,"column":4},"end":{"line":335,"column":5}},"89":{"start":{"line":334,"column":6},"end":{"line":334,"column":null}},"90":{"start":{"line":337,"column":4},"end":{"line":337,"column":null}},"91":{"start":{"line":339,"column":4},"end":{"line":339,"column":null}},"92":{"start":{"line":340,"column":4},"end":{"line":340,"column":null}}},"fnMap":{"0":{"name":"generateToken","decl":{"start":{"line":68,"column":9},"end":{"line":68,"column":22}},"loc":{"start":{"line":68,"column":62},"end":{"line":81,"column":1}}},"1":{"name":"(anonymous_2)","decl":{"start":{"line":77,"column":38},"end":{"line":77,"column":39}},"loc":{"start":{"line":77,"column":47},"end":{"line":77,"column":58}}},"2":{"name":"initPayment","decl":{"start":{"line":84,"column":22},"end":{"line":84,"column":33}},"loc":{"start":{"line":93,"column":19},"end":{"line":195,"column":1}}},"3":{"name":"getPaymentState","decl":{"start":{"line":197,"column":22},"end":{"line":197,"column":37}},"loc":{"start":{"line":197,"column":55},"end":{"line":228,"column":1}}},"4":{"name":"verifyWebhookSignature","decl":{"start":{"line":230,"column":16},"end":{"line":230,"column":38}},"loc":{"start":{"line":230,"column":99},"end":{"line":268,"column":1}}},"5":{"name":"cancelPayment","decl":{"start":{"line":276,"column":22},"end":{"line":276,"column":35}},"loc":{"start":{"line":279,"column":19},"end":{"line":342,"column":1}}}},"branchMap":{"0":{"loc":{"start":{"line":4,"column":27},"end":{"line":4,"column":63}},"type":"binary-expr","locations":[{"start":{"line":4,"column":27},"end":{"line":4,"column":57}},{"start":{"line":4,"column":61},"end":{"line":4,"column":63}}]},"1":{"loc":{"start":{"line":5,"column":23},"end":{"line":5,"column":55}},"type":"binary-expr","locations":[{"start":{"line":5,"column":23},"end":{"line":5,"column":49}},{"start":{"line":5,"column":53},"end":{"line":5,"column":55}}]},"2":{"loc":{"start":{"line":9,"column":34},"end":{"line":9,"column":70}},"type":"binary-expr","locations":[{"start":{"line":9,"column":34},"end":{"line":9,"column":52}},{"start":{"line":9,"column":56},"end":{"line":9,"column":70}}]},"3":{"loc":{"start":{"line":12,"column":28},"end":{"line":13,"column":51}},"type":"binary-expr","locations":[{"start":{"line":12,"column":28},"end":{"line":12,"column":63}},{"start":{"line":13,"column":2},"end":{"line":13,"column":51}}]},"4":{"loc":{"start":{"line":16,"column":0},"end":{"line":22,"column":1}},"type":"if","locations":[{"start":{"line":16,"column":0},"end":{"line":22,"column":1}},{"start":{},"end":{}}]},"5":{"loc":{"start":{"line":18,"column":10},"end":{"line":18,"column":84}},"type":"cond-expr","locations":[{"start":{"line":18,"column":29},"end":{"line":18,"column":45}},{"start":{"line":18,"column":48},"end":{"line":18,"column":84}}]},"6":{"loc":{"start":{"line":18,"column":48},"end":{"line":18,"column":84}},"type":"cond-expr","locations":[{"start":{"line":18,"column":63},"end":{"line":18,"column":69}},{"start":{"line":18,"column":72},"end":{"line":18,"column":84}}]},"7":{"loc":{"start":{"line":72,"column":14},"end":{"line":72,"column":47}},"type":"binary-expr","locations":[{"start":{"line":72,"column":14},"end":{"line":72,"column":28}},{"start":{"line":72,"column":32},"end":{"line":72,"column":47}}]},"8":{"loc":{"start":{"line":96,"column":2},"end":{"line":98,"column":3}},"type":"if","locations":[{"start":{"line":96,"column":2},"end":{"line":98,"column":3}},{"start":{},"end":{}}]},"9":{"loc":{"start":{"line":122,"column":2},"end":{"line":131,"column":3}},"type":"if","locations":[{"start":{"line":122,"column":2},"end":{"line":131,"column":3}},{"start":{},"end":{}}]},"10":{"loc":{"start":{"line":128,"column":4},"end":{"line":130,"column":5}},"type":"if","locations":[{"start":{"line":128,"column":4},"end":{"line":130,"column":5}},{"start":{},"end":{}}]},"11":{"loc":{"start":{"line":134,"column":2},"end":{"line":134,"column":null}},"type":"if","locations":[{"start":{"line":134,"column":2},"end":{"line":134,"column":null}},{"start":{},"end":{}}]},"12":{"loc":{"start":{"line":135,"column":2},"end":{"line":135,"column":null}},"type":"if","locations":[{"start":{"line":135,"column":2},"end":{"line":135,"column":null}},{"start":{},"end":{}}]},"13":{"loc":{"start":{"line":136,"column":2},"end":{"line":136,"column":null}},"type":"if","locations":[{"start":{"line":136,"column":2},"end":{"line":136,"column":null}},{"start":{},"end":{}}]},"14":{"loc":{"start":{"line":148,"column":2},"end":{"line":150,"column":3}},"type":"if","locations":[{"start":{"line":148,"column":2},"end":{"line":150,"column":3}},{"start":{},"end":{}}]},"15":{"loc":{"start":{"line":153,"column":2},"end":{"line":155,"column":3}},"type":"if","locations":[{"start":{"line":153,"column":2},"end":{"line":155,"column":3}},{"start":{},"end":{}}]},"16":{"loc":{"start":{"line":180,"column":4},"end":{"line":188,"column":5}},"type":"if","locations":[{"start":{"line":180,"column":4},"end":{"line":188,"column":5}},{"start":{},"end":{}}]},"17":{"loc":{"start":{"line":187,"column":57},"end":{"line":187,"column":88}},"type":"binary-expr","locations":[{"start":{"line":187,"column":57},"end":{"line":187,"column":69}},{"start":{"line":187,"column":73},"end":{"line":187,"column":88}}]},"18":{"loc":{"start":{"line":199,"column":2},"end":{"line":201,"column":3}},"type":"if","locations":[{"start":{"line":199,"column":2},"end":{"line":201,"column":3}},{"start":{},"end":{}}]},"19":{"loc":{"start":{"line":223,"column":2},"end":{"line":225,"column":3}},"type":"if","locations":[{"start":{"line":223,"column":2},"end":{"line":225,"column":3}},{"start":{},"end":{}}]},"20":{"loc":{"start":{"line":224,"column":50},"end":{"line":224,"column":80}},"type":"binary-expr","locations":[{"start":{"line":224,"column":50},"end":{"line":224,"column":62}},{"start":{"line":224,"column":66},"end":{"line":224,"column":80}}]},"21":{"loc":{"start":{"line":234,"column":2},"end":{"line":238,"column":3}},"type":"if","locations":[{"start":{"line":234,"column":2},"end":{"line":238,"column":3}},{"start":{},"end":{}}]},"22":{"loc":{"start":{"line":234,"column":6},"end":{"line":234,"column":77}},"type":"binary-expr","locations":[{"start":{"line":234,"column":6},"end":{"line":234,"column":19}},{"start":{"line":234,"column":23},"end":{"line":234,"column":61}},{"start":{"line":234,"column":65},"end":{"line":234,"column":77}}]},"23":{"loc":{"start":{"line":247,"column":4},"end":{"line":249,"column":5}},"type":"if","locations":[{"start":{"line":247,"column":4},"end":{"line":249,"column":5}},{"start":{},"end":{}}]},"24":{"loc":{"start":{"line":247,"column":8},"end":{"line":247,"column":64}},"type":"binary-expr","locations":[{"start":{"line":247,"column":8},"end":{"line":247,"column":23}},{"start":{"line":247,"column":27},"end":{"line":247,"column":41}},{"start":{"line":247,"column":45},"end":{"line":247,"column":64}}]},"25":{"loc":{"start":{"line":260,"column":4},"end":{"line":262,"column":5}},"type":"if","locations":[{"start":{"line":260,"column":4},"end":{"line":262,"column":5}},{"start":{},"end":{}}]},"26":{"loc":{"start":{"line":281,"column":2},"end":{"line":283,"column":3}},"type":"if","locations":[{"start":{"line":281,"column":2},"end":{"line":283,"column":3}},{"start":{},"end":{}}]},"27":{"loc":{"start":{"line":291,"column":2},"end":{"line":293,"column":3}},"type":"if","locations":[{"start":{"line":291,"column":2},"end":{"line":293,"column":3}},{"start":{},"end":{}}]},"28":{"loc":{"start":{"line":303,"column":2},"end":{"line":305,"column":3}},"type":"if","locations":[{"start":{"line":303,"column":2},"end":{"line":305,"column":3}},{"start":{},"end":{}}]},"29":{"loc":{"start":{"line":309,"column":12},"end":{"line":309,"column":54}},"type":"cond-expr","locations":[{"start":{"line":309,"column":21},"end":{"line":309,"column":45}},{"start":{"line":309,"column":48},"end":{"line":309,"column":54}}]},"30":{"loc":{"start":{"line":333,"column":4},"end":{"line":335,"column":5}},"type":"if","locations":[{"start":{"line":333,"column":4},"end":{"line":335,"column":5}},{"start":{},"end":{}}]},"31":{"loc":{"start":{"line":334,"column":64},"end":{"line":334,"column":95}},"type":"binary-expr","locations":[{"start":{"line":334,"column":64},"end":{"line":334,"column":76}},{"start":{"line":334,"column":80},"end":{"line":334,"column":95}}]}},"s":{"0":39,"1":39,"2":39,"3":39,"4":39,"5":39,"6":39,"7":39,"8":39,"9":39,"10":39,"11":0,"12":30,"13":30,"14":30,"15":166,"16":30,"17":14,"18":1,"19":13,"20":13,"21":13,"22":13,"23":0,"24":0,"25":0,"26":13,"27":13,"28":13,"29":13,"30":13,"31":1,"32":13,"33":13,"34":13,"35":1,"36":13,"37":0,"38":13,"39":13,"40":13,"41":12,"42":12,"43":12,"44":1,"45":1,"46":11,"47":2,"48":2,"49":11,"50":1,"51":10,"52":10,"53":10,"54":10,"55":10,"56":1,"57":9,"58":8,"59":8,"60":1,"61":1,"62":7,"63":7,"64":39,"65":37,"66":7,"67":7,"68":7,"69":7,"70":7,"71":1,"72":6,"73":0,"74":0,"75":0,"76":0,"77":0,"78":0,"79":0,"80":0,"81":0,"82":0,"83":0,"84":0,"85":0,"86":0,"87":0,"88":0,"89":0,"90":0,"91":0,"92":0},"f":{"0":30,"1":166,"2":14,"3":11,"4":8,"5":0},"b":{"0":[39,3],"1":[39,3],"2":[39,36],"3":[39,5],"4":[0,39],"5":[0,0],"6":[0,0],"7":[30,0],"8":[1,13],"9":[0,13],"10":[0,0],"11":[13,0],"12":[13,0],"13":[1,12],"14":[1,12],"15":[0,13],"16":[1,11],"17":[1,0],"18":[1,10],"19":[1,9],"20":[1,0],"21":[1,7],"22":[8,8,1],"23":[37,2],"24":[39,39,38],"25":[1,6],"26":[0,0],"27":[0,0],"28":[0,0],"29":[0,0],"30":[0,0],"31":[0,0]}}
}
