TN:
SF:lib\logger.ts
FN:9,(anonymous_0)
FN:10,(anonymous_1)
FN:11,(anonymous_2)
FN:12,(anonymous_3)
FN:13,(anonymous_4)
FN:21,createLogger
FN:23,(anonymous_6)
FN:24,(anonymous_7)
FN:25,(anonymous_8)
FN:26,(anonymous_9)
FN:27,(anonymous_10)
FNF:11
FNH:7
FNDA:0,(anonymous_0)
FNDA:1,(anonymous_1)
FNDA:3,(anonymous_2)
FNDA:38,(anonymous_3)
FNDA:0,(anonymous_4)
FNDA:156,createLogger
FNDA:0,(anonymous_6)
FNDA:1,(anonymous_7)
FNDA:3,(anonymous_8)
FNDA:38,(anonymous_9)
FNDA:0,(anonymous_10)
DA:6,39
DA:8,39
DA:9,0
DA:10,1
DA:11,3
DA:12,38
DA:13,0
DA:21,39
DA:22,156
DA:23,0
DA:24,1
DA:25,3
DA:26,38
DA:27,0
DA:32,39
DA:33,39
DA:34,39
DA:35,39
LF:18
LH:14
BRDA:9,0,0,0
BRDA:9,0,1,0
BRDA:10,1,0,1
BRDA:10,1,1,1
BRDA:12,2,0,38
BRDA:12,2,1,38
BRDA:13,3,0,0
BRDA:13,3,1,0
BRF:8
BRH:4
end_of_record
TN:
SF:lib\tbank.ts
FN:62,generateToken
FN:71,(anonymous_2)
FN:78,initPayment
FN:170,getPaymentState
FN:203,verifyWebhookSignature
FN:251,cancelPayment
FNF:6
FNH:5
FNDA:30,generateToken
FNDA:166,(anonymous_2)
FNDA:14,initPayment
FNDA:11,getPaymentState
FNDA:8,verifyWebhookSignature
FNDA:0,cancelPayment
DA:2,39
DA:3,39
DA:5,39
DA:6,39
DA:7,39
DA:10,39
DA:13,39
DA:64,30
DA:70,30
DA:71,166
DA:74,30
DA:78,39
DA:90,14
DA:91,1
DA:94,13
DA:96,13
DA:99,13
DA:108,13
DA:109,0
DA:114,0
DA:115,0
DA:120,13
DA:121,13
DA:122,13
DA:125,13
DA:128,13
DA:134,13
DA:135,1
DA:139,13
DA:140,0
DA:143,13
DA:145,13
DA:146,13
DA:154,12
DA:156,12
DA:158,12
DA:159,1
DA:160,1
DA:163,11
DA:165,2
DA:166,2
DA:170,39
DA:172,11
DA:173,1
DA:176,10
DA:181,10
DA:183,10
DA:194,10
DA:196,10
DA:197,1
DA:200,9
DA:203,39
DA:205,8
DA:207,8
DA:209,1
DA:210,1
DA:217,7
DA:219,7
DA:220,39
DA:221,37
DA:225,7
DA:228,7
DA:229,7
DA:230,7
DA:233,7
DA:234,7
DA:235,7
DA:236,7
DA:237,7
DA:239,7
DA:241,0
DA:251,39
DA:256,0
DA:257,0
DA:260,0
DA:266,0
DA:267,0
DA:270,0
DA:272,0
DA:278,0
DA:279,0
DA:282,0
DA:284,0
DA:285,0
DA:293,0
DA:295,0
DA:297,0
DA:298,0
DA:301,0
DA:303,0
DA:304,0
LF:91
LH:67
BRDA:5,0,0,39
BRDA:5,0,1,3
BRDA:6,1,0,39
BRDA:6,1,1,3
BRDA:10,2,0,39
BRDA:10,2,1,36
BRDA:13,3,0,39
BRDA:13,3,1,5
BRDA:66,4,0,30
BRDA:66,4,1,0
BRDA:90,5,0,1
BRDA:90,5,1,13
BRDA:108,6,0,0
BRDA:108,6,1,13
BRDA:114,7,0,0
BRDA:114,7,1,0
BRDA:120,8,0,13
BRDA:120,8,1,0
BRDA:121,9,0,13
BRDA:121,9,1,0
BRDA:122,10,0,1
BRDA:122,10,1,12
BRDA:134,11,0,1
BRDA:134,11,1,12
BRDA:139,12,0,0
BRDA:139,12,1,13
BRDA:158,13,0,1
BRDA:158,13,1,11
BRDA:160,14,0,1
BRDA:160,14,1,0
BRDA:172,15,0,1
BRDA:172,15,1,10
BRDA:196,16,0,1
BRDA:196,16,1,9
BRDA:197,17,0,1
BRDA:197,17,1,0
BRDA:207,18,0,1
BRDA:207,18,1,7
BRDA:207,19,0,8
BRDA:207,19,1,8
BRDA:207,19,2,1
BRDA:220,20,0,37
BRDA:220,20,1,2
BRDA:220,21,0,39
BRDA:220,21,1,39
BRDA:220,21,2,38
BRDA:256,22,0,0
BRDA:256,22,1,0
BRDA:266,23,0,0
BRDA:266,23,1,0
BRDA:278,24,0,0
BRDA:278,24,1,0
BRDA:282,25,0,0
BRDA:282,25,1,0
BRDA:297,26,0,0
BRDA:297,26,1,0
BRDA:298,27,0,0
BRDA:298,27,1,0
BRF:58
BRH:37
end_of_record
