TN:
SF:lib\tbank.ts
FN:68,generateToken
FN:77,(anonymous_2)
FN:84,initPayment
FN:197,getPaymentState
FN:230,verifyWebhookSignature
FN:276,cancelPayment
FNF:6
FNH:5
FNDA:30,generateToken
FNDA:166,(anonymous_2)
FNDA:14,initPayment
FNDA:11,getPaymentState
FNDA:8,verifyWebhookSignature
FNDA:0,cancelPayment
DA:2,39
DA:4,39
DA:5,39
DA:6,39
DA:9,39
DA:12,39
DA:16,39
DA:17,0
DA:70,30
DA:76,30
DA:77,166
DA:80,30
DA:84,39
DA:96,14
DA:97,1
DA:100,13
DA:103,13
DA:113,13
DA:122,13
DA:123,0
DA:128,0
DA:129,0
DA:134,13
DA:135,13
DA:136,13
DA:139,13
DA:142,13
DA:148,13
DA:149,1
DA:153,13
DA:154,0
DA:158,13
DA:160,13
DA:161,13
DA:169,12
DA:171,12
DA:180,12
DA:181,1
DA:187,1
DA:190,11
DA:192,2
DA:193,2
DA:197,39
DA:199,11
DA:200,1
DA:203,10
DA:208,10
DA:210,10
DA:221,10
DA:223,10
DA:224,1
DA:227,9
DA:230,39
DA:232,8
DA:234,8
DA:236,1
DA:237,1
DA:244,7
DA:246,7
DA:247,39
DA:248,37
DA:252,7
DA:255,7
DA:256,7
DA:257,7
DA:260,7
DA:261,1
DA:264,6
DA:266,0
DA:276,39
DA:281,0
DA:282,0
DA:285,0
DA:291,0
DA:292,0
DA:295,0
DA:297,0
DA:303,0
DA:304,0
DA:307,0
DA:313,0
DA:314,0
DA:322,0
DA:324,0
DA:333,0
DA:334,0
DA:337,0
DA:339,0
DA:340,0
LF:89
LH:64
BRDA:4,0,0,39
BRDA:4,0,1,3
BRDA:5,1,0,39
BRDA:5,1,1,3
BRDA:9,2,0,39
BRDA:9,2,1,36
BRDA:12,3,0,39
BRDA:12,3,1,5
BRDA:16,4,0,0
BRDA:16,4,1,39
BRDA:18,5,0,0
BRDA:18,5,1,0
BRDA:18,6,0,0
BRDA:18,6,1,0
BRDA:72,7,0,30
BRDA:72,7,1,0
BRDA:96,8,0,1
BRDA:96,8,1,13
BRDA:122,9,0,0
BRDA:122,9,1,13
BRDA:128,10,0,0
BRDA:128,10,1,0
BRDA:134,11,0,13
BRDA:134,11,1,0
BRDA:135,12,0,13
BRDA:135,12,1,0
BRDA:136,13,0,1
BRDA:136,13,1,12
BRDA:148,14,0,1
BRDA:148,14,1,12
BRDA:153,15,0,0
BRDA:153,15,1,13
BRDA:180,16,0,1
BRDA:180,16,1,11
BRDA:187,17,0,1
BRDA:187,17,1,0
BRDA:199,18,0,1
BRDA:199,18,1,10
BRDA:223,19,0,1
BRDA:223,19,1,9
BRDA:224,20,0,1
BRDA:224,20,1,0
BRDA:234,21,0,1
BRDA:234,21,1,7
BRDA:234,22,0,8
BRDA:234,22,1,8
BRDA:234,22,2,1
BRDA:247,23,0,37
BRDA:247,23,1,2
BRDA:247,24,0,39
BRDA:247,24,1,39
BRDA:247,24,2,38
BRDA:260,25,0,1
BRDA:260,25,1,6
BRDA:281,26,0,0
BRDA:281,26,1,0
BRDA:291,27,0,0
BRDA:291,27,1,0
BRDA:303,28,0,0
BRDA:303,28,1,0
BRDA:309,29,0,0
BRDA:309,29,1,0
BRDA:333,30,0,0
BRDA:333,30,1,0
BRDA:334,31,0,0
BRDA:334,31,1,0
BRF:66
BRH:40
end_of_record
